<?xml version="1.0" encoding="UTF-8"?>
<!-- Generated by org.testng.reporters.JUnitXMLReporter -->
<testsuite ignored="2" hostname="DESKTOP-1LL1293" failures="0" tests="1" name="Default test" time="67.637" errors="0" timestamp="2022-06-09T16:36:16 IST">
  <testcase classname="com.framework.HomePageTests" name="VerifyHomePageTitle" time="67.517"/>
  <testcase classname="com.framework.HomePageTests" name="VerifyHomePageTitles" time="0.0">
    <ignored/>
  </testcase> <!-- VerifyHomePageTitles -->
  <testcase classname="com.framework.HomePageTests" name="verifySearchResult" time="0.0">
    <ignored/>
  </testcase> <!-- verifySearchResult -->
</testsuite> <!-- Default test -->
