<?xml version="1.0" encoding="UTF-8"?>
<testng-results ignored="2" total="3" passed="1" failed="0" skipped="0">
  <reporter-output>
  </reporter-output>
  <suite started-at="2022-06-09T16:35:08 IST" name="Default suite" finished-at="2022-06-09T16:36:16 IST" duration-ms="67637">
    <groups>
    </groups>
    <test started-at="2022-06-09T16:35:08 IST" name="Default test" finished-at="2022-06-09T16:36:16 IST" duration-ms="67637">
      <class name="com.framework.HomePageTests">
        <test-method signature="VerifyHomePageTitle()[pri:0, instance:com.framework.HomePageTests@48f278eb]" started-at="2022-06-09T16:35:09 IST" name="VerifyHomePageTitle" description="with framework" finished-at="2022-06-09T16:36:16 IST" duration-ms="67517" status="PASS">
          <reporter-output>
          </reporter-output>
        </test-method> <!-- VerifyHomePageTitle -->
      </class> <!-- com.framework.HomePageTests -->
    </test> <!-- Default test -->
  </suite> <!-- Default suite -->
</testng-results>
